<?xml version="1.0" encoding="UTF-8"?>
<!-- Generated by org.testng.reporters.JUnitXMLReporter -->
<testsuite ignored="0" hostname="DESKTOP-JCRO5RC" failures="0" tests="6" name="Test" time="0.029" errors="0" timestamp="2020-10-30T00:28:20 EET">
  <testcase classname="qaclickacademy.mavenjava.RestAPITest" name="deleteTwitter" time="0.003"/>
  <testcase classname="qaclickacademy.mavenjava.RestAPITest" name="postJira" time="0.0"/>
  <testcase classname="qaclickacademy.mavenjava.SeleiumTest" name="browserTest" time="0.0"/>
  <testcase classname="qaclickacademy.mavenjava.SeleiumTest" name="elementsUi" time="0.0"/>
  <testcase classname="qaclickacademy.mavenjava.AppiumTest" name="iosApps" time="0.0"/>
  <testcase classname="qaclickacademy.mavenjava.AppiumTest" name="nativeAppAndroid" time="0.0"/>
</testsuite> <!-- Test -->
