<?xml version="1.0" encoding="UTF-8"?>
<testng-results ignored="0" total="6" passed="6" failed="0" skipped="0">
  <reporter-output>
  </reporter-output>
  <suite started-at="2020-10-30T00:28:20 EET" name="Suite" finished-at="2020-10-30T00:28:20 EET" duration-ms="29">
    <groups>
    </groups>
    <test started-at="2020-10-30T00:28:20 EET" name="Test" finished-at="2020-10-30T00:28:20 EET" duration-ms="29">
      <class name="qaclickacademy.mavenjava.RestAPITest">
        <test-method signature="deleteTwitter()[pri:0, instance:qaclickacademy.mavenjava.RestAPITest@55740540]" started-at="2020-10-30T00:28:20 EET" name="deleteTwitter" finished-at="2020-10-30T00:28:20 EET" duration-ms="3" status="PASS">
          <reporter-output>
          </reporter-output>
        </test-method> <!-- deleteTwitter -->
        <test-method signature="postJira()[pri:0, instance:qaclickacademy.mavenjava.RestAPITest@55740540]" started-at="2020-10-30T00:28:20 EET" name="postJira" finished-at="2020-10-30T00:28:20 EET" duration-ms="0" status="PASS">
          <reporter-output>
          </reporter-output>
        </test-method> <!-- postJira -->
      </class> <!-- qaclickacademy.mavenjava.RestAPITest -->
      <class name="qaclickacademy.mavenjava.SeleiumTest">
        <test-method signature="browserTest()[pri:0, instance:qaclickacademy.mavenjava.SeleiumTest@60015ef5]" started-at="2020-10-30T00:28:20 EET" name="browserTest" finished-at="2020-10-30T00:28:20 EET" duration-ms="0" status="PASS">
          <reporter-output>
          </reporter-output>
        </test-method> <!-- browserTest -->
        <test-method signature="elementsUi()[pri:0, instance:qaclickacademy.mavenjava.SeleiumTest@60015ef5]" started-at="2020-10-30T00:28:20 EET" name="elementsUi" finished-at="2020-10-30T00:28:20 EET" duration-ms="0" status="PASS">
          <reporter-output>
          </reporter-output>
        </test-method> <!-- elementsUi -->
      </class> <!-- qaclickacademy.mavenjava.SeleiumTest -->
      <class name="qaclickacademy.mavenjava.AppiumTest">
        <test-method signature="iosApps()[pri:0, instance:qaclickacademy.mavenjava.AppiumTest@2f54a33d]" started-at="2020-10-30T00:28:20 EET" name="iosApps" finished-at="2020-10-30T00:28:20 EET" duration-ms="0" status="PASS">
          <reporter-output>
          </reporter-output>
        </test-method> <!-- iosApps -->
        <test-method signature="nativeAppAndroid()[pri:0, instance:qaclickacademy.mavenjava.AppiumTest@2f54a33d]" started-at="2020-10-30T00:28:20 EET" name="nativeAppAndroid" finished-at="2020-10-30T00:28:20 EET" duration-ms="0" status="PASS">
          <reporter-output>
          </reporter-output>
        </test-method> <!-- nativeAppAndroid -->
      </class> <!-- qaclickacademy.mavenjava.AppiumTest -->
    </test> <!-- Test -->
  </suite> <!-- Suite -->
</testng-results>
