<?xml version="1.0" encoding="UTF-8"?>
<testng-results ignored="0" total="1" passed="1" failed="0" skipped="0">
  <reporter-output>
  </reporter-output>
  <suite started-at="2020-10-28T20:59:36 EET" name="Default suite" finished-at="2020-10-28T20:59:36 EET" duration-ms="33">
    <groups>
    </groups>
    <test started-at="2020-10-28T20:59:36 EET" name="Default test" finished-at="2020-10-28T20:59:36 EET" duration-ms="33">
      <class name="qaclickacademy.mavenjava.SeleiumTest">
        <test-method signature="browserAutomation()[pri:0, instance:qaclickacademy.mavenjava.SeleiumTest@68e5eea7]" started-at="2020-10-28T20:59:36 EET" name="browserAutomation" finished-at="2020-10-28T20:59:36 EET" duration-ms="6" status="PASS">
          <reporter-output>
          </reporter-output>
        </test-method> <!-- browserAutomation -->
      </class> <!-- qaclickacademy.mavenjava.SeleiumTest -->
    </test> <!-- Default test -->
  </suite> <!-- Default suite -->
</testng-results>
